1686671264440	geckodriver	INFO	Listening on 127.0.0.1:51231
1686671266732	mozrunner::runner	INFO	Running command: "C:\\Program Files\\Mozilla Firefox\\firefox.exe" "--marionette" "--remote-debugging-port" "51232" "--remote-allow-hosts" "localhost" "-no-remote" "-profile" "C:\\Users\\ruslan\\AppData\\Local\\Temp\\rust_mozprofile1BIpq1"
console.warn: services.settings: Ignoring preference override of remote settings server
console.warn: services.settings: Allow by setting MOZ_REMOTE_SETTINGS_DEVTOOLS=1 in the environment
1686671270034	Marionette	INFO	Marionette enabled
Dynamically enable window occlusion 0
1686671270051	Marionette	INFO	Listening on port 51246
Read port: 51246
WebDriver BiDi listening on ws://127.0.0.1:51232
1686671270463	RemoteAgent	WARN	TLS certificate errors will be ignored for this session
DevTools listening on ws://127.0.0.1:51232/devtools/browser/ca8e1249-8c78-469a-89a0-e8361af970d6
1686671296705	Marionette	INFO	Stopped listening on port 51246
Dynamically enable window occlusion 1
1686671489443	geckodriver	INFO	Listening on 127.0.0.1:51311
1686671491540	mozrunner::runner	INFO	Running command: "C:\\Program Files\\Mozilla Firefox\\firefox.exe" "--marionette" "--remote-debugging-port" "51312" "--remote-allow-hosts" "localhost" "-no-remote" "-profile" "C:\\Users\\ruslan\\AppData\\Local\\Temp\\rust_mozprofileeLxf0D"
console.warn: services.settings: Ignoring preference override of remote settings server
console.warn: services.settings: Allow by setting MOZ_REMOTE_SETTINGS_DEVTOOLS=1 in the environment
1686671496290	Marionette	INFO	Marionette enabled
Dynamically enable window occlusion 0
1686671496352	Marionette	INFO	Listening on port 51321
Read port: 51321
WebDriver BiDi listening on ws://127.0.0.1:51312
1686671497410	RemoteAgent	WARN	TLS certificate errors will be ignored for this session
console.error: Region.sys.mjs: "Error fetching region" (new Error("TIMEOUT", "resource://gre/modules/Region.sys.mjs", 762))
console.error: Region.sys.mjs: "Failed to fetch region" (new Error("TIMEOUT", "resource://gre/modules/Region.sys.mjs", 414))
DevTools listening on ws://127.0.0.1:51312/devtools/browser/3f25b87f-d654-426e-a8fa-979dff2c6ece
JavaScript warning: https://cdn.stepik.net/static/frontend-build/vendor.js?v=1686306901, line 6289: unreachable code after return statement
JavaScript warning: https://mc.yandex.ru/metrika/tag.js, line 14: WEBGL_debug_renderer_info is deprecated in Firefox and will be removed. Please use RENDERER.
1686671528327	Marionette	INFO	Stopped listening on port 51321
Dynamically enable window occlusion 1
console.error: "DEPRECATION WARNING: Calling FileUtils.getDir(..., ..., true) causes main thread I/O and should be avoided especially during startup/shutdown\nYou may find more details about this deprecation at: https://bugzilla.mozilla.org/show_bug.cgi?id=921157\nresource://gre/modules/FileUtils.sys.mjs 62 FileUtils_getDir\nresource://gre/modules/UpdateService.sys.mjs 1056 getUpdateDirCreate\nresource://gre/modules/UpdateService.sys.mjs 1095 getUpdateFile\nresource://gre/modules/UpdateService.sys.mjs 4449 UM__loadXMLFileIntoArray\nresource://gre/modules/UpdateService.sys.mjs 4282 UpdateManager\nresource://gre/modules/XPCOMUtils.sys.mjs 137 defineLazyServiceGetter/<\nresource://gre/modules/UpdateService.sys.mjs 3381 get _pingSuffix\nresource://gre/modules/UpdateService.sys.mjs 3414 AUS__checkForBackgroundUpdates\nresource://gre/modules/UpdateService.sys.mjs 3369 AUS_notify\nresource://gre/modules/UpdateTimerManager.sys.mjs 205 TM_notify/</<\n"
1686671528785	addons.xpi	ERROR	System addon update list error Error: Failed downloading XML, status: 0, channelStatus: 2153390067, errorCode: 2, reason: error
console.error: Region.sys.mjs: "Error fetching region" (new TypeError("NetworkError when attempting to fetch resource.", ""))
console.error: Region.sys.mjs: "Failed to fetch region" (new Error("NO_RESULT", "resource://gre/modules/Region.sys.mjs", 414))
console.error: (new Error("Polling for changes failed: NetworkError: Network request failed.", "resource://services-settings/remote-settings.sys.mjs", 324))
1686735850591	geckodriver	INFO	Listening on 127.0.0.1:49767
1686735999639	geckodriver	INFO	Listening on 127.0.0.1:49823
[ERROR viaduct::backend::ffi] Missing HTTP status
[ERROR viaduct::backend::ffi] Missing HTTP status
[ERROR viaduct::backend::ffi] Missing HTTP status
[ERROR viaduct::backend::ffi] Missing HTTP status
[ERROR viaduct::backend::ffi] Missing HTTP status
[Parent 1952, IPC I/O Parent] WARNING: pipe error: 232: file /builds/worker/checkouts/gecko/ipc/chromium/src/chrome/common/ipc_channel_win.cc:593
[Parent 1952, ImageBridgeChld] WARNING: pipe error: 232: file /builds/worker/checkouts/gecko/ipc/chromium/src/chrome/common/ipc_channel_win.cc:593
